<?xml version="1.0" encoding="UTF-8"?>
<testng-results ignored="0" total="1" passed="1" failed="0" skipped="0">
  <reporter-output>
  </reporter-output>
  <suite started-at="2023-05-10T18:46:05 IST" name="Default suite" finished-at="2023-05-10T18:46:29 IST" duration-ms="24303">
    <groups>
    </groups>
    <test started-at="2023-05-10T18:46:05 IST" name="Default test" finished-at="2023-05-10T18:46:29 IST" duration-ms="24303">
      <class name="Test.Test1">
        <test-method is-config="true" signature="openbrowser()[pri:0, instance:Test.Test1@5a45133e]" started-at="2023-05-10T18:46:05 IST" name="openbrowser" finished-at="2023-05-10T18:46:27 IST" duration-ms="22232" status="PASS">
          <reporter-output>
          </reporter-output>
        </test-method> <!-- openbrowser -->
        <test-method is-config="true" signature="initializeOBJ()[pri:0, instance:Test.Test1@5a45133e]" started-at="2023-05-10T18:46:27 IST" name="initializeOBJ" finished-at="2023-05-10T18:46:27 IST" duration-ms="63" status="PASS">
          <reporter-output>
          </reporter-output>
        </test-method> <!-- initializeOBJ -->
        <test-method signature="add_Cust_test()[pri:0, instance:Test.Test1@5a45133e]" started-at="2023-05-10T18:46:27 IST" name="add_Cust_test" finished-at="2023-05-10T18:46:29 IST" duration-ms="1898" status="PASS">
          <reporter-output>
          </reporter-output>
        </test-method> <!-- add_Cust_test -->
      </class> <!-- Test.Test1 -->
    </test> <!-- Default test -->
  </suite> <!-- Default suite -->
</testng-results>
